<?xml version="1.0" encoding="UTF-8"?>
<testng-results ignored="0" total="2" passed="1" failed="1" skipped="0">
  <reporter-output>
  </reporter-output>
  <suite started-at="2024-11-08T14:16:33 IST" name="Suite" finished-at="2024-11-08T14:16:55 IST" duration-ms="22056">
    <groups>
    </groups>
    <test started-at="2024-11-08T14:16:33 IST" name="Test" finished-at="2024-11-08T14:16:55 IST" duration-ms="22056">
      <class name="com.test.OrangeHRM_Tests">
        <test-method is-config="true" signature="beforeSuite()[pri:0, instance:com.test.OrangeHRM_Tests@7a5ceedd]" started-at="2024-11-08T14:16:32 IST" name="beforeSuite" finished-at="2024-11-08T14:16:33 IST" duration-ms="528" status="PASS">
          <reporter-output>
          </reporter-output>
        </test-method> <!-- beforeSuite -->
        <test-method is-config="true" signature="setUp()[pri:0, instance:com.test.OrangeHRM_Tests@7a5ceedd]" started-at="2024-11-08T14:16:33 IST" name="setUp" finished-at="2024-11-08T14:16:44 IST" duration-ms="11154" status="PASS">
          <reporter-output>
          </reporter-output>
        </test-method> <!-- setUp -->
        <test-method signature="loginPageTest()[pri:0, instance:com.test.OrangeHRM_Tests@7a5ceedd]" started-at="2024-11-08T14:16:44 IST" name="loginPageTest" finished-at="2024-11-08T14:16:47 IST" duration-ms="3549" status="PASS">
          <reporter-output>
          </reporter-output>
        </test-method> <!-- loginPageTest -->
        <test-method is-config="true" signature="tearDown()[pri:0, instance:com.test.OrangeHRM_Tests@7a5ceedd]" started-at="2024-11-08T14:16:47 IST" name="tearDown" finished-at="2024-11-08T14:16:47 IST" duration-ms="154" status="PASS">
          <reporter-output>
          </reporter-output>
        </test-method> <!-- tearDown -->
        <test-method is-config="true" signature="setUp()[pri:0, instance:com.test.OrangeHRM_Tests@7a5ceedd]" started-at="2024-11-08T14:16:47 IST" name="setUp" finished-at="2024-11-08T14:16:52 IST" duration-ms="4573" status="PASS">
          <reporter-output>
          </reporter-output>
        </test-method> <!-- setUp -->
        <test-method signature="loginTest()[pri:0, instance:com.test.OrangeHRM_Tests@7a5ceedd]" started-at="2024-11-08T14:16:52 IST" name="loginTest" finished-at="2024-11-08T14:16:54 IST" duration-ms="2247" status="FAIL">
          <exception class="java.lang.AssertionError">
            <message>
              <![CDATA[expected [OOrangeHRM] but found [OrangeHRM]]]>
            </message>
            <full-stacktrace>
              <![CDATA[java.lang.AssertionError: expected [OOrangeHRM] but found [OrangeHRM]
at org.testng.Assert.fail(Assert.java:111)
at org.testng.Assert.failNotEquals(Assert.java:1578)
at org.testng.Assert.assertEqualsImpl(Assert.java:150)
at org.testng.Assert.assertEquals(Assert.java:132)
at org.testng.Assert.assertEquals(Assert.java:656)
at org.testng.Assert.assertEquals(Assert.java:666)
at com.test.OrangeHRM_Tests.loginTest(OrangeHRM_Tests.java:27)
at java.base/jdk.internal.reflect.DirectMethodHandleAccessor.invoke(DirectMethodHandleAccessor.java:103)
at java.base/java.lang.reflect.Method.invoke(Method.java:580)
at org.testng.internal.invokers.MethodInvocationHelper.invokeMethod(MethodInvocationHelper.java:141)
at org.testng.internal.invokers.TestInvoker.invokeMethod(TestInvoker.java:686)
at org.testng.internal.invokers.TestInvoker.invokeTestMethod(TestInvoker.java:230)
at org.testng.internal.invokers.MethodRunner.runInSequence(MethodRunner.java:63)
at org.testng.internal.invokers.TestInvoker$MethodInvocationAgent.invoke(TestInvoker.java:992)
at org.testng.internal.invokers.TestInvoker.invokeTestMethods(TestInvoker.java:203)
at org.testng.internal.invokers.TestMethodWorker.invokeTestMethods(TestMethodWorker.java:154)
at org.testng.internal.invokers.TestMethodWorker.run(TestMethodWorker.java:134)
at java.base/java.util.ArrayList.forEach(ArrayList.java:1597)
at org.testng.TestRunner.privateRun(TestRunner.java:739)
at org.testng.TestRunner.run(TestRunner.java:614)
at org.testng.SuiteRunner.runTest(SuiteRunner.java:421)
at org.testng.SuiteRunner.runSequentially(SuiteRunner.java:413)
at org.testng.SuiteRunner.privateRun(SuiteRunner.java:373)
at org.testng.SuiteRunner.run(SuiteRunner.java:312)
at org.testng.SuiteRunnerWorker.runSuite(SuiteRunnerWorker.java:52)
at org.testng.SuiteRunnerWorker.run(SuiteRunnerWorker.java:95)
at org.testng.TestNG.runSuitesSequentially(TestNG.java:1274)
at org.testng.TestNG.runSuitesLocally(TestNG.java:1208)
at org.testng.TestNG.runSuites(TestNG.java:1112)
at org.testng.TestNG.run(TestNG.java:1079)
at org.testng.remote.AbstractRemoteTestNG.run(AbstractRemoteTestNG.java:115)
at org.testng.remote.RemoteTestNG.initAndRun(RemoteTestNG.java:293)
at org.testng.remote.RemoteTestNG.main(RemoteTestNG.java:91)
]]>
            </full-stacktrace>
          </exception> <!-- java.lang.AssertionError -->
          <reporter-output>
          </reporter-output>
        </test-method> <!-- loginTest -->
        <test-method is-config="true" signature="tearDown()[pri:0, instance:com.test.OrangeHRM_Tests@7a5ceedd]" started-at="2024-11-08T14:16:54 IST" name="tearDown" finished-at="2024-11-08T14:16:55 IST" duration-ms="115" status="PASS">
          <reporter-output>
          </reporter-output>
        </test-method> <!-- tearDown -->
        <test-method is-config="true" signature="afterSuite()[pri:0, instance:com.test.OrangeHRM_Tests@7a5ceedd]" started-at="2024-11-08T14:16:55 IST" name="afterSuite" finished-at="2024-11-08T14:16:55 IST" duration-ms="457" status="PASS">
          <reporter-output>
          </reporter-output>
        </test-method> <!-- afterSuite -->
      </class> <!-- com.test.OrangeHRM_Tests -->
    </test> <!-- Test -->
  </suite> <!-- Suite -->
</testng-results>
